-- Found ament_cmake: 1.3.12 (/opt/ros/humble/share/ament_cmake/cmake)
-- Found rclcpp: 16.0.17 (/opt/ros/humble/share/rclcpp/cmake)
-- Found rosidl_generator_c: 3.1.8 (/opt/ros/humble/share/rosidl_generator_c/cmake)
-- Found rosidl_adapter: 3.1.8 (/opt/ros/humble/share/rosidl_adapter/cmake)
-- Found rosidl_generator_cpp: 3.1.8 (/opt/ros/humble/share/rosidl_generator_cpp/cmake)
-- Using all available rosidl_typesupport_c: rosidl_typesupport_fastrtps_c;rosidl_typesupport_introspection_c
-- Using all available rosidl_typesupport_cpp: rosidl_typesupport_fastrtps_cpp;rosidl_typesupport_introspection_cpp
-- Found rmw_implementation_cmake: 6.1.2 (/opt/ros/humble/share/rmw_implementation_cmake/cmake)
-- Found rmw_fastrtps_cpp: 6.2.9 (/opt/ros/humble/share/rmw_fastrtps_cpp/cmake)
-- Using RMW implementation 'rmw_fastrtps_cpp' as default
-- Found sensor_msgs: 4.9.0 (/opt/ros/humble/share/sensor_msgs/cmake)
-- Found cv_bridge: 3.2.1 (/opt/ros/humble/share/cv_bridge/cmake)
-- Found message_filters: 4.3.11 (/opt/ros/humble/share/message_filters/cmake)
-- Found nav_msgs: 4.9.0 (/opt/ros/humble/share/nav_msgs/cmake)
-- Found tf2: 0.25.18 (/opt/ros/humble/share/tf2/cmake)
-- Found tf2_ros: 0.25.18 (/opt/ros/humble/share/tf2_ros/cmake)
-- Found OpenGL: /usr/lib/aarch64-linux-gnu/libOpenGL.so   
-- Found OpenGL: /usr/lib/aarch64-linux-gnu/libOpenGL.so  found components: OpenGL 
-- Linking Pangolin via variable: Pangolin_LIBRARIES
-- Configuring done
-- Generating done
-- Build files have been written to: /home/fluorite/AAE5303/orbslam3_ros2/build/orbslam3_rgbd_ros2
[35m[1mConsolidate compiler generated dependencies of target rgbd_node[0m
[ 50%] [32mBuilding CXX object CMakeFiles/rgbd_node.dir/src/rgbd_node.cc.o[0m
[100%] [32m[1mLinking CXX executable rgbd_node[0m
[100%] Built target rgbd_node
-- Install configuration: ""
-- Installing: /home/fluorite/AAE5303/orbslam3_ros2/install/orbslam3_rgbd_ros2/lib/orbslam3_rgbd_ros2/rgbd_node
-- Installing: /home/fluorite/AAE5303/orbslam3_ros2/install/orbslam3_rgbd_ros2/share/ament_index/resource_index/package_run_dependencies/orbslam3_rgbd_ros2
-- Installing: /home/fluorite/AAE5303/orbslam3_ros2/install/orbslam3_rgbd_ros2/share/ament_index/resource_index/parent_prefix_path/orbslam3_rgbd_ros2
-- Up-to-date: /home/fluorite/AAE5303/orbslam3_ros2/install/orbslam3_rgbd_ros2/share/orbslam3_rgbd_ros2/environment/ament_prefix_path.sh
-- Installing: /home/fluorite/AAE5303/orbslam3_ros2/install/orbslam3_rgbd_ros2/share/orbslam3_rgbd_ros2/environment/ament_prefix_path.dsv
-- Up-to-date: /home/fluorite/AAE5303/orbslam3_ros2/install/orbslam3_rgbd_ros2/share/orbslam3_rgbd_ros2/environment/path.sh
-- Installing: /home/fluorite/AAE5303/orbslam3_ros2/install/orbslam3_rgbd_ros2/share/orbslam3_rgbd_ros2/environment/path.dsv
-- Installing: /home/fluorite/AAE5303/orbslam3_ros2/install/orbslam3_rgbd_ros2/share/orbslam3_rgbd_ros2/local_setup.bash
-- Installing: /home/fluorite/AAE5303/orbslam3_ros2/install/orbslam3_rgbd_ros2/share/orbslam3_rgbd_ros2/local_setup.sh
-- Installing: /home/fluorite/AAE5303/orbslam3_ros2/install/orbslam3_rgbd_ros2/share/orbslam3_rgbd_ros2/local_setup.zsh
-- Installing: /home/fluorite/AAE5303/orbslam3_ros2/install/orbslam3_rgbd_ros2/share/orbslam3_rgbd_ros2/local_setup.dsv
-- Installing: /home/fluorite/AAE5303/orbslam3_ros2/install/orbslam3_rgbd_ros2/share/orbslam3_rgbd_ros2/package.dsv
-- Installing: /home/fluorite/AAE5303/orbslam3_ros2/install/orbslam3_rgbd_ros2/share/ament_index/resource_index/packages/orbslam3_rgbd_ros2
-- Installing: /home/fluorite/AAE5303/orbslam3_ros2/install/orbslam3_rgbd_ros2/share/orbslam3_rgbd_ros2/cmake/orbslam3_rgbd_ros2Config.cmake
-- Installing: /home/fluorite/AAE5303/orbslam3_ros2/install/orbslam3_rgbd_ros2/share/orbslam3_rgbd_ros2/cmake/orbslam3_rgbd_ros2Config-version.cmake
-- Installing: /home/fluorite/AAE5303/orbslam3_ros2/install/orbslam3_rgbd_ros2/share/orbslam3_rgbd_ros2/package.xml
