[0.004s] Invoking command in '/home/fluorite/AAE5303/orbslam3_ros2/build/orbslam3_rgbd_ros2': CMAKE_PREFIX_PATH=${CMAKE_PREFIX_PATH}:/opt/ros/humble /usr/bin/cmake /home/fluorite/AAE5303/orbslam3_ros2/src/orbslam3_rgbd_ros2 -DCMAKE_INSTALL_PREFIX=/home/fluorite/AAE5303/orbslam3_ros2/install/orbslam3_rgbd_ros2
[0.032s] -- The C compiler identification is GNU 11.4.0
[0.056s] -- The CXX compiler identification is GNU 11.4.0
[0.060s] -- Detecting C compiler ABI info
[0.087s] -- Detecting C compiler ABI info - done
[0.090s] -- Check for working C compiler: /usr/bin/cc - skipped
[0.090s] -- Detecting C compile features
[0.090s] -- Detecting C compile features - done
[0.092s] -- Detecting CXX compiler ABI info
[0.121s] -- Detecting CXX compiler ABI info - done
[0.124s] -- Check for working CXX compiler: /usr/bin/c++ - skipped
[0.124s] -- Detecting CXX compile features
[0.124s] -- Detecting CXX compile features - done
[0.125s] -- Found ament_cmake: 1.3.12 (/opt/ros/humble/share/ament_cmake/cmake)
[0.181s] -- Found Python3: /usr/bin/python3 (found version "3.10.12") found components: Interpreter 
[0.214s] -- Found rclcpp: 16.0.17 (/opt/ros/humble/share/rclcpp/cmake)
[0.229s] -- Found rosidl_generator_c: 3.1.8 (/opt/ros/humble/share/rosidl_generator_c/cmake)
[0.231s] -- Found rosidl_adapter: 3.1.8 (/opt/ros/humble/share/rosidl_adapter/cmake)
[0.234s] -- Found rosidl_generator_cpp: 3.1.8 (/opt/ros/humble/share/rosidl_generator_cpp/cmake)
[0.238s] -- Using all available rosidl_typesupport_c: rosidl_typesupport_fastrtps_c;rosidl_typesupport_introspection_c
[0.244s] -- Using all available rosidl_typesupport_cpp: rosidl_typesupport_fastrtps_cpp;rosidl_typesupport_introspection_cpp
[0.260s] -- Found rmw_implementation_cmake: 6.1.2 (/opt/ros/humble/share/rmw_implementation_cmake/cmake)
[0.261s] -- Found rmw_fastrtps_cpp: 6.2.9 (/opt/ros/humble/share/rmw_fastrtps_cpp/cmake)
[0.287s] -- Found OpenSSL: /usr/lib/aarch64-linux-gnu/libcrypto.so (found version "3.0.2")  
[0.297s] -- Found FastRTPS: /opt/ros/humble/include  
[0.314s] -- Using RMW implementation 'rmw_fastrtps_cpp' as default
[0.318s] -- Looking for pthread.h
[0.343s] -- Looking for pthread.h - found
[0.343s] -- Performing Test CMAKE_HAVE_LIBC_PTHREAD
[0.372s] -- Performing Test CMAKE_HAVE_LIBC_PTHREAD - Success
[0.373s] -- Found Threads: TRUE  
[0.392s] -- Found sensor_msgs: 4.9.0 (/opt/ros/humble/share/sensor_msgs/cmake)
[0.405s] -- Found cv_bridge: 3.2.1 (/opt/ros/humble/share/cv_bridge/cmake)
[0.409s] -- Found message_filters: 4.3.11 (/opt/ros/humble/share/message_filters/cmake)
[0.411s] -- Found nav_msgs: 4.9.0 (/opt/ros/humble/share/nav_msgs/cmake)
[0.417s] -- Found tf2: 0.25.18 (/opt/ros/humble/share/tf2/cmake)
[0.422s] -- Found tf2_ros: 0.25.18 (/opt/ros/humble/share/tf2_ros/cmake)
[0.454s] -- Found OpenCV: /usr (found version "4.5.4") 
[0.458s] [33mCMake Warning (dev) at /usr/share/cmake-3.22/Modules/FindOpenGL.cmake:315 (message):
[0.458s]   Policy CMP0072 is not set: FindOpenGL prefers GLVND by default when
[0.458s]   available.  Run "cmake --help-policy CMP0072" for policy details.  Use the
[0.458s]   cmake_policy command to set the policy and suppress this warning.
[0.458s] 
[0.458s]   FindOpenGL found both a legacy GL library:
[0.458s] 
[0.458s]     OPENGL_gl_LIBRARY: /usr/lib/aarch64-linux-gnu/libGL.so
[0.458s] 
[0.458s]   and GLVND libraries for OpenGL and GLX:
[0.458s] 
[0.459s]     OPENGL_opengl_LIBRARY: /usr/lib/aarch64-linux-gnu/libOpenGL.so
[0.459s]     OPENGL_glx_LIBRARY: /usr/lib/aarch64-linux-gnu/libGLX.so
[0.459s] 
[0.459s]   OpenGL_GL_PREFERENCE has not been set to "GLVND" or "LEGACY", so for
[0.459s]   compatibility with CMake 3.10 and below the legacy GL library will be used.
[0.459s] Call Stack (most recent call first):
[0.459s]   CMakeLists.txt:29 (find_package)
[0.459s] This warning is for project developers.  Use -Wno-dev to suppress it.
[0.459s] [0m
[0.459s] -- Found OpenGL: /usr/lib/aarch64-linux-gnu/libOpenGL.so   
[0.474s] -- Found GLEW: /usr/include (found version "2.2.0") 
[0.503s] -- Configuring done
[0.506s] [31mCMake Error at CMakeLists.txt:47 (add_executable):
[0.506s]   Target "rgbd_node" links to target "Pangolin::pangolin" but the target was
[0.506s]   not found.  Perhaps a find_package() call is missing for an IMPORTED
[0.506s]   target, or an ALIAS target is missing?
[0.506s] 
[0.506s] [0m
[0.509s] -- Generating done
[0.510s] [0mCMake Generate step failed.  Build files cannot be regenerated correctly.[0m
[0.515s] Invoked command in '/home/fluorite/AAE5303/orbslam3_ros2/build/orbslam3_rgbd_ros2' returned '1': CMAKE_PREFIX_PATH=${CMAKE_PREFIX_PATH}:/opt/ros/humble /usr/bin/cmake /home/fluorite/AAE5303/orbslam3_ros2/src/orbslam3_rgbd_ros2 -DCMAKE_INSTALL_PREFIX=/home/fluorite/AAE5303/orbslam3_ros2/install/orbslam3_rgbd_ros2
