[0.006s] Invoking command in '/home/fluorite/AAE5303/orbslam3_ros2/build/orbslam3_rgbd_ros2': CMAKE_PREFIX_PATH=/opt/ros/humble /usr/bin/cmake /home/fluorite/AAE5303/orbslam3_ros2/src/orbslam3_rgbd_ros2 -DCMAKE_INSTALL_PREFIX=/home/fluorite/AAE5303/orbslam3_ros2/install/orbslam3_rgbd_ros2
[0.075s] -- The C compiler identification is GNU 11.4.0
[0.117s] -- The CXX compiler identification is GNU 11.4.0
[0.123s] -- Detecting C compiler ABI info
[0.151s] -- Detecting C compiler ABI info - done
[0.154s] -- Check for working C compiler: /usr/bin/cc - skipped
[0.154s] -- Detecting C compile features
[0.155s] -- Detecting C compile features - done
[0.157s] -- Detecting CXX compiler ABI info
[0.183s] -- Detecting CXX compiler ABI info - done
[0.186s] -- Check for working CXX compiler: /usr/bin/c++ - skipped
[0.186s] -- Detecting CXX compile features
[0.186s] -- Detecting CXX compile features - done
[0.188s] -- Found ament_cmake: 1.3.12 (/opt/ros/humble/share/ament_cmake/cmake)
[0.245s] -- Found Python3: /usr/bin/python3 (found version "3.10.12") found components: Interpreter 
[0.283s] -- Found rclcpp: 16.0.17 (/opt/ros/humble/share/rclcpp/cmake)
[0.305s] -- Found rosidl_generator_c: 3.1.8 (/opt/ros/humble/share/rosidl_generator_c/cmake)
[0.308s] -- Found rosidl_adapter: 3.1.8 (/opt/ros/humble/share/rosidl_adapter/cmake)
[0.313s] -- Found rosidl_generator_cpp: 3.1.8 (/opt/ros/humble/share/rosidl_generator_cpp/cmake)
[0.319s] -- Using all available rosidl_typesupport_c: rosidl_typesupport_fastrtps_c;rosidl_typesupport_introspection_c
[0.327s] -- Using all available rosidl_typesupport_cpp: rosidl_typesupport_fastrtps_cpp;rosidl_typesupport_introspection_cpp
[0.350s] -- Found rmw_implementation_cmake: 6.1.2 (/opt/ros/humble/share/rmw_implementation_cmake/cmake)
[0.351s] -- Found rmw_fastrtps_cpp: 6.2.9 (/opt/ros/humble/share/rmw_fastrtps_cpp/cmake)
[0.385s] -- Found OpenSSL: /usr/lib/aarch64-linux-gnu/libcrypto.so (found version "3.0.2")  
[0.396s] -- Found FastRTPS: /opt/ros/humble/include  
[0.412s] -- Using RMW implementation 'rmw_fastrtps_cpp' as default
[0.418s] -- Looking for pthread.h
[0.448s] -- Looking for pthread.h - found
[0.448s] -- Performing Test CMAKE_HAVE_LIBC_PTHREAD
[0.472s] -- Performing Test CMAKE_HAVE_LIBC_PTHREAD - Success
[0.473s] -- Found Threads: TRUE  
[0.499s] -- Found sensor_msgs: 4.9.0 (/opt/ros/humble/share/sensor_msgs/cmake)
[0.514s] -- Found cv_bridge: 3.2.1 (/opt/ros/humble/share/cv_bridge/cmake)
[0.521s] -- Found message_filters: 4.3.11 (/opt/ros/humble/share/message_filters/cmake)
[0.522s] -- Found ament_lint_auto: 0.12.14 (/opt/ros/humble/share/ament_lint_auto/cmake)
[0.554s] -- Added test 'lint_cmake' to check CMake code style
[0.554s] -- Added test 'xmllint' to check XML markup files
[0.555s] -- Configuring done
[0.557s] -- Generating done
[0.558s] -- Build files have been written to: /home/fluorite/AAE5303/orbslam3_ros2/build/orbslam3_rgbd_ros2
[0.561s] Invoked command in '/home/fluorite/AAE5303/orbslam3_ros2/build/orbslam3_rgbd_ros2' returned '0': CMAKE_PREFIX_PATH=/opt/ros/humble /usr/bin/cmake /home/fluorite/AAE5303/orbslam3_ros2/src/orbslam3_rgbd_ros2 -DCMAKE_INSTALL_PREFIX=/home/fluorite/AAE5303/orbslam3_ros2/install/orbslam3_rgbd_ros2
[0.562s] Invoking command in '/home/fluorite/AAE5303/orbslam3_ros2/build/orbslam3_rgbd_ros2': CMAKE_PREFIX_PATH=/opt/ros/humble /usr/bin/cmake --build /home/fluorite/AAE5303/orbslam3_ros2/build/orbslam3_rgbd_ros2 -- -j6 -l6
[0.574s] Invoked command in '/home/fluorite/AAE5303/orbslam3_ros2/build/orbslam3_rgbd_ros2' returned '0': CMAKE_PREFIX_PATH=/opt/ros/humble /usr/bin/cmake --build /home/fluorite/AAE5303/orbslam3_ros2/build/orbslam3_rgbd_ros2 -- -j6 -l6
[0.577s] Invoking command in '/home/fluorite/AAE5303/orbslam3_ros2/build/orbslam3_rgbd_ros2': CMAKE_PREFIX_PATH=/opt/ros/humble /usr/bin/cmake --install /home/fluorite/AAE5303/orbslam3_ros2/build/orbslam3_rgbd_ros2
[0.579s] -- Install configuration: ""
[0.579s] -- Installing: /home/fluorite/AAE5303/orbslam3_ros2/install/orbslam3_rgbd_ros2/share/ament_index/resource_index/package_run_dependencies/orbslam3_rgbd_ros2
[0.579s] -- Installing: /home/fluorite/AAE5303/orbslam3_ros2/install/orbslam3_rgbd_ros2/share/ament_index/resource_index/parent_prefix_path/orbslam3_rgbd_ros2
[0.579s] -- Installing: /home/fluorite/AAE5303/orbslam3_ros2/install/orbslam3_rgbd_ros2/share/orbslam3_rgbd_ros2/environment/ament_prefix_path.sh
[0.579s] -- Installing: /home/fluorite/AAE5303/orbslam3_ros2/install/orbslam3_rgbd_ros2/share/orbslam3_rgbd_ros2/environment/ament_prefix_path.dsv
[0.579s] -- Installing: /home/fluorite/AAE5303/orbslam3_ros2/install/orbslam3_rgbd_ros2/share/orbslam3_rgbd_ros2/environment/path.sh
[0.579s] -- Installing: /home/fluorite/AAE5303/orbslam3_ros2/install/orbslam3_rgbd_ros2/share/orbslam3_rgbd_ros2/environment/path.dsv
[0.579s] -- Installing: /home/fluorite/AAE5303/orbslam3_ros2/install/orbslam3_rgbd_ros2/share/orbslam3_rgbd_ros2/local_setup.bash
[0.579s] -- Installing: /home/fluorite/AAE5303/orbslam3_ros2/install/orbslam3_rgbd_ros2/share/orbslam3_rgbd_ros2/local_setup.sh
[0.579s] -- Installing: /home/fluorite/AAE5303/orbslam3_ros2/install/orbslam3_rgbd_ros2/share/orbslam3_rgbd_ros2/local_setup.zsh
[0.579s] -- Installing: /home/fluorite/AAE5303/orbslam3_ros2/install/orbslam3_rgbd_ros2/share/orbslam3_rgbd_ros2/local_setup.dsv
[0.579s] -- Installing: /home/fluorite/AAE5303/orbslam3_ros2/install/orbslam3_rgbd_ros2/share/orbslam3_rgbd_ros2/package.dsv
[0.579s] -- Installing: /home/fluorite/AAE5303/orbslam3_ros2/install/orbslam3_rgbd_ros2/share/ament_index/resource_index/packages/orbslam3_rgbd_ros2
[0.580s] -- Installing: /home/fluorite/AAE5303/orbslam3_ros2/install/orbslam3_rgbd_ros2/share/orbslam3_rgbd_ros2/cmake/orbslam3_rgbd_ros2Config.cmake
[0.580s] -- Installing: /home/fluorite/AAE5303/orbslam3_ros2/install/orbslam3_rgbd_ros2/share/orbslam3_rgbd_ros2/cmake/orbslam3_rgbd_ros2Config-version.cmake
[0.580s] -- Installing: /home/fluorite/AAE5303/orbslam3_ros2/install/orbslam3_rgbd_ros2/share/orbslam3_rgbd_ros2/package.xml
[0.580s] Invoked command in '/home/fluorite/AAE5303/orbslam3_ros2/build/orbslam3_rgbd_ros2' returned '0': CMAKE_PREFIX_PATH=/opt/ros/humble /usr/bin/cmake --install /home/fluorite/AAE5303/orbslam3_ros2/build/orbslam3_rgbd_ros2
