[0.004s] Invoking command in '/home/fluorite/AAE5303/orbslam3_ros2/build/orbslam3_rgbd_ros2': CMAKE_PREFIX_PATH=${CMAKE_PREFIX_PATH}:/opt/ros/humble /usr/bin/cmake /home/fluorite/AAE5303/orbslam3_ros2/src/orbslam3_rgbd_ros2 -DCMAKE_PREFIX_PATH=/usr/local -DCMAKE_INSTALL_PREFIX=/home/fluorite/AAE5303/orbslam3_ros2/install/orbslam3_rgbd_ros2
[0.024s] -- The C compiler identification is GNU 11.4.0
[0.046s] -- The CXX compiler identification is GNU 11.4.0
[0.048s] -- Detecting C compiler ABI info
[0.074s] -- Detecting C compiler ABI info - done
[0.077s] -- Check for working C compiler: /usr/bin/cc - skipped
[0.077s] -- Detecting C compile features
[0.077s] -- Detecting C compile features - done
[0.078s] -- Detecting CXX compiler ABI info
[0.106s] -- Detecting CXX compiler ABI info - done
[0.109s] -- Check for working CXX compiler: /usr/bin/c++ - skipped
[0.109s] -- Detecting CXX compile features
[0.110s] -- Detecting CXX compile features - done
[0.111s] -- Found ament_cmake: 1.3.12 (/opt/ros/humble/share/ament_cmake/cmake)
[0.165s] -- Found Python3: /usr/bin/python3 (found version "3.10.12") found components: Interpreter 
[0.197s] -- Found rclcpp: 16.0.17 (/opt/ros/humble/share/rclcpp/cmake)
[0.214s] -- Found rosidl_generator_c: 3.1.8 (/opt/ros/humble/share/rosidl_generator_c/cmake)
[0.215s] -- Found rosidl_adapter: 3.1.8 (/opt/ros/humble/share/rosidl_adapter/cmake)
[0.219s] -- Found rosidl_generator_cpp: 3.1.8 (/opt/ros/humble/share/rosidl_generator_cpp/cmake)
[0.224s] -- Using all available rosidl_typesupport_c: rosidl_typesupport_fastrtps_c;rosidl_typesupport_introspection_c
[0.231s] -- Using all available rosidl_typesupport_cpp: rosidl_typesupport_fastrtps_cpp;rosidl_typesupport_introspection_cpp
[0.246s] -- Found rmw_implementation_cmake: 6.1.2 (/opt/ros/humble/share/rmw_implementation_cmake/cmake)
[0.247s] -- Found rmw_fastrtps_cpp: 6.2.9 (/opt/ros/humble/share/rmw_fastrtps_cpp/cmake)
[0.274s] -- Found OpenSSL: /usr/lib/aarch64-linux-gnu/libcrypto.so (found version "3.0.2")  
[0.285s] -- Found FastRTPS: /opt/ros/humble/include  
[0.301s] -- Using RMW implementation 'rmw_fastrtps_cpp' as default
[0.304s] -- Looking for pthread.h
[0.330s] -- Looking for pthread.h - found
[0.331s] -- Performing Test CMAKE_HAVE_LIBC_PTHREAD
[0.356s] -- Performing Test CMAKE_HAVE_LIBC_PTHREAD - Success
[0.356s] -- Found Threads: TRUE  
[0.375s] -- Found sensor_msgs: 4.9.0 (/opt/ros/humble/share/sensor_msgs/cmake)
[0.387s] -- Found cv_bridge: 3.2.1 (/opt/ros/humble/share/cv_bridge/cmake)
[0.392s] -- Found message_filters: 4.3.11 (/opt/ros/humble/share/message_filters/cmake)
[0.393s] -- Found nav_msgs: 4.9.0 (/opt/ros/humble/share/nav_msgs/cmake)
[0.400s] -- Found tf2: 0.25.18 (/opt/ros/humble/share/tf2/cmake)
[0.404s] -- Found tf2_ros: 0.25.18 (/opt/ros/humble/share/tf2_ros/cmake)
[0.437s] -- Found OpenCV: /usr (found version "4.5.4") 
[0.441s] [33mCMake Warning (dev) at /usr/share/cmake-3.22/Modules/FindOpenGL.cmake:315 (message):
[0.441s]   Policy CMP0072 is not set: FindOpenGL prefers GLVND by default when
[0.441s]   available.  Run "cmake --help-policy CMP0072" for policy details.  Use the
[0.441s]   cmake_policy command to set the policy and suppress this warning.
[0.441s] 
[0.441s]   FindOpenGL found both a legacy GL library:
[0.442s] 
[0.442s]     OPENGL_gl_LIBRARY: /usr/lib/aarch64-linux-gnu/libGL.so
[0.442s] 
[0.442s]   and GLVND libraries for OpenGL and GLX:
[0.442s] 
[0.442s]     OPENGL_opengl_LIBRARY: /usr/lib/aarch64-linux-gnu/libOpenGL.so
[0.442s]     OPENGL_glx_LIBRARY: /usr/lib/aarch64-linux-gnu/libGLX.so
[0.442s] 
[0.442s]   OpenGL_GL_PREFERENCE has not been set to "GLVND" or "LEGACY", so for
[0.442s]   compatibility with CMake 3.10 and below the legacy GL library will be used.
[0.442s] Call Stack (most recent call first):
[0.442s]   CMakeLists.txt:29 (find_package)
[0.442s] This warning is for project developers.  Use -Wno-dev to suppress it.
[0.442s] [0m
[0.442s] -- Found OpenGL: /usr/lib/aarch64-linux-gnu/libOpenGL.so   
[0.459s] -- Found GLEW: /usr/include (found version "2.2.0") 
[0.461s] -- Found OpenGL: /usr/lib/aarch64-linux-gnu/libOpenGL.so  found components: OpenGL 
[0.486s] -- Configuring done
[0.489s] [31mCMake Error at CMakeLists.txt:47 (add_executable):
[0.489s]   Target "rgbd_node" links to target "Pangolin::pangolin" but the target was
[0.489s]   not found.  Perhaps a find_package() call is missing for an IMPORTED
[0.489s]   target, or an ALIAS target is missing?
[0.489s] 
[0.489s] [0m
[0.492s] -- Generating done
[0.493s] [0mCMake Generate step failed.  Build files cannot be regenerated correctly.[0m
[0.498s] Invoked command in '/home/fluorite/AAE5303/orbslam3_ros2/build/orbslam3_rgbd_ros2' returned '1': CMAKE_PREFIX_PATH=${CMAKE_PREFIX_PATH}:/opt/ros/humble /usr/bin/cmake /home/fluorite/AAE5303/orbslam3_ros2/src/orbslam3_rgbd_ros2 -DCMAKE_PREFIX_PATH=/usr/local -DCMAKE_INSTALL_PREFIX=/home/fluorite/AAE5303/orbslam3_ros2/install/orbslam3_rgbd_ros2
