[0.004s] Invoking command in '/home/fluorite/AAE5303/orbslam3_ros2/build/orbslam3_rgbd_ros2': CMAKE_PREFIX_PATH=${CMAKE_PREFIX_PATH}:/opt/ros/humble /usr/bin/cmake --build /home/fluorite/AAE5303/orbslam3_ros2/build/orbslam3_rgbd_ros2 -- -j6 -l6
[0.013s] -- Found ament_cmake: 1.3.12 (/opt/ros/humble/share/ament_cmake/cmake)
[0.060s] -- Found rclcpp: 16.0.17 (/opt/ros/humble/share/rclcpp/cmake)
[0.070s] -- Found rosidl_generator_c: 3.1.8 (/opt/ros/humble/share/rosidl_generator_c/cmake)
[0.071s] -- Found rosidl_adapter: 3.1.8 (/opt/ros/humble/share/rosidl_adapter/cmake)
[0.074s] -- Found rosidl_generator_cpp: 3.1.8 (/opt/ros/humble/share/rosidl_generator_cpp/cmake)
[0.077s] -- Using all available rosidl_typesupport_c: rosidl_typesupport_fastrtps_c;rosidl_typesupport_introspection_c
[0.081s] -- Using all available rosidl_typesupport_cpp: rosidl_typesupport_fastrtps_cpp;rosidl_typesupport_introspection_cpp
[0.093s] -- Found rmw_implementation_cmake: 6.1.2 (/opt/ros/humble/share/rmw_implementation_cmake/cmake)
[0.093s] -- Found rmw_fastrtps_cpp: 6.2.9 (/opt/ros/humble/share/rmw_fastrtps_cpp/cmake)
[0.132s] -- Using RMW implementation 'rmw_fastrtps_cpp' as default
[0.150s] -- Found sensor_msgs: 4.9.0 (/opt/ros/humble/share/sensor_msgs/cmake)
[0.160s] -- Found cv_bridge: 3.2.1 (/opt/ros/humble/share/cv_bridge/cmake)
[0.164s] -- Found message_filters: 4.3.11 (/opt/ros/humble/share/message_filters/cmake)
[0.165s] -- Found nav_msgs: 4.9.0 (/opt/ros/humble/share/nav_msgs/cmake)
[0.171s] -- Found tf2: 0.25.18 (/opt/ros/humble/share/tf2/cmake)
[0.173s] -- Found tf2_ros: 0.25.18 (/opt/ros/humble/share/tf2_ros/cmake)
[0.227s] -- Configuring done
[0.234s] -- Generating done
[0.236s] -- Build files have been written to: /home/fluorite/AAE5303/orbslam3_ros2/build/orbslam3_rgbd_ros2
[0.249s] [ 50%] [32mBuilding CXX object CMakeFiles/rgbd_node.dir/src/rgbd_node.cc.o[0m
[0.556s] In file included from [01m[K/home/fluorite/AAE5303/ORB_SLAM3/include/MapPoint.h:23[m[K,
[0.556s]                  from [01m[K/home/fluorite/AAE5303/ORB_SLAM3/include/FrameDrawer.h:24[m[K,
[0.556s]                  from [01m[K/home/fluorite/AAE5303/ORB_SLAM3/include/Viewer.h:23[m[K,
[0.556s]                  from [01m[K/home/fluorite/AAE5303/ORB_SLAM3/include/Tracking.h:26[m[K,
[0.556s]                  from [01m[K/home/fluorite/AAE5303/ORB_SLAM3/include/System.h:31[m[K,
[0.556s]                  from [01m[K/home/fluorite/AAE5303/orbslam3_ros2/src/orbslam3_rgbd_ros2/src/rgbd_node.cc:20[m[K:
[0.556s] [01m[K/home/fluorite/AAE5303/ORB_SLAM3/include/KeyFrame.h:32:10:[m[K [01;31m[Kfatal error: [m[KGeometricCamera.h: 没有那个文件或目录
[0.556s]    32 | #include [01;31m[K"GeometricCamera.h"[m[K
[0.556s]       |          [01;31m[K^~~~~~~~~~~~~~~~~~~[m[K
[0.556s] compilation terminated.
[0.559s] gmake[2]: *** [CMakeFiles/rgbd_node.dir/build.make:76：CMakeFiles/rgbd_node.dir/src/rgbd_node.cc.o] 错误 1
[0.559s] gmake[1]: *** [CMakeFiles/Makefile2:137：CMakeFiles/rgbd_node.dir/all] 错误 2
[0.559s] gmake: *** [Makefile:146：all] 错误 2
[0.560s] Invoked command in '/home/fluorite/AAE5303/orbslam3_ros2/build/orbslam3_rgbd_ros2' returned '2': CMAKE_PREFIX_PATH=${CMAKE_PREFIX_PATH}:/opt/ros/humble /usr/bin/cmake --build /home/fluorite/AAE5303/orbslam3_ros2/build/orbslam3_rgbd_ros2 -- -j6 -l6
